<?xml version="1.0" encoding="UTF-8"?>
<!-- Generated by org.testng.reporters.JUnitReportReporter -->
<testsuite skipped="0" hostname="R90N0UZM-PC" name="eohmc.selenium.core.testCases.cdp.loginTestClass" tests="1" failures="0" timestamp="28 Mar 2018 09:47:48 GMT" time="23.302" errors="0">
  <testcase name="LoginDetails" time="23.302" classname="eohmc.selenium.core.testCases.cdp.loginTestClass"/>
</testsuite> <!-- eohmc.selenium.core.testCases.cdp.loginTestClass -->
