<?xml version="1.0" encoding="UTF-8"?>
<!-- Generated by org.testng.reporters.JUnitReportReporter -->
<testsuite skipped="0" hostname="R90N0UZM-PC" name="eohmc.selenium.core.testCases.om.TS0_FindBrokenLinksTestClass" tests="1" failures="0" timestamp="16 Mar 2018 11:23:16 GMT" time="170.797" errors="0">
  <testcase name="verifyAllLinks" time="170.797" classname="eohmc.selenium.core.testCases.om.TS0_FindBrokenLinksTestClass"/>
</testsuite> <!-- eohmc.selenium.core.testCases.om.TS0_FindBrokenLinksTestClass -->
